<?xml version="1.0" encoding="UTF-8"?>
<!-- Generated by org.testng.reporters.JUnitReportReporter -->
<testsuite skipped="0" hostname="Luthfor" name="variousConcepts.LearnTestNG_MultipleBrowser" tests="1" failures="0" timestamp="2023-05-08T13:26:50 EDT" time="5.100" errors="0">
  <testcase name="loginTestUsingTestNG" time="5.100" classname="variousConcepts.LearnTestNG_MultipleBrowser"/>
  <system-out/>
</testsuite> <!-- variousConcepts.LearnTestNG_MultipleBrowser -->
