<?xml version="1.0" encoding="UTF-8"?>
<!-- Generated by org.testng.reporters.JUnitReportReporter -->
<testsuite skipped="0" hostname="Luthfor" name="variousConcepts.LearnTestNG" tests="1" failures="0" timestamp="2023-05-08T22:52:50 EDT" time="5.897" errors="0">
  <testcase name="loginTestUsingTestNG" time="5.897" classname="variousConcepts.LearnTestNG"/>
  <system-out/>
</testsuite> <!-- variousConcepts.LearnTestNG -->
