<?xml version="1.0" encoding="UTF-8"?>
<!-- Generated by org.testng.reporters.JUnitReportReporter -->
<testsuite skipped="0" hostname="Luthfor" name="variousConcepts.LearnTestNG_MultipleBrowser_ReadPropertiesFile" tests="1" failures="0" timestamp="2023-05-09T00:30:42 EDT" time="6.452" errors="0">
  <testcase name="addCustomer" time="6.452" classname="variousConcepts.LearnTestNG_MultipleBrowser_ReadPropertiesFile"/>
  <system-out/>
</testsuite> <!-- variousConcepts.LearnTestNG_MultipleBrowser_ReadPropertiesFile -->
